2025-02-07 14:34:19,393 INFO o.a.j.u.JMeterUtils: Setting Locale to en_EN
2025-02-07 14:34:19,457 INFO o.a.j.JMeter: Loading user properties from: user.properties
2025-02-07 14:34:19,492 INFO o.a.j.JMeter: Loading system properties from: system.properties
2025-02-07 14:34:19,513 INFO o.a.j.JMeter: Copyright (c) 1998-2024 The Apache Software Foundation
2025-02-07 14:34:19,514 INFO o.a.j.JMeter: Version 5.6.3
2025-02-07 14:34:19,514 INFO o.a.j.JMeter: java.version=1.8.0_431
2025-02-07 14:34:19,514 INFO o.a.j.JMeter: java.vm.name=Java HotSpot(TM) Client VM
2025-02-07 14:34:19,514 INFO o.a.j.JMeter: os.name=Windows 10
2025-02-07 14:34:19,515 INFO o.a.j.JMeter: os.arch=x86
2025-02-07 14:34:19,515 INFO o.a.j.JMeter: os.version=10.0
2025-02-07 14:34:19,515 INFO o.a.j.JMeter: file.encoding=Cp1252
2025-02-07 14:34:19,515 INFO o.a.j.JMeter: java.awt.headless=null
2025-02-07 14:34:19,516 INFO o.a.j.JMeter: Max memory     =1073741824
2025-02-07 14:34:19,516 INFO o.a.j.JMeter: Available Processors =4
2025-02-07 14:34:19,525 INFO o.a.j.JMeter: Default Locale=English (EN)
2025-02-07 14:34:19,526 INFO o.a.j.JMeter: JMeter  Locale=English (EN)
2025-02-07 14:34:19,526 INFO o.a.j.JMeter: JMeterHome=F:\My Personal Projects\Microservice_Springboot\apache-jmeter-5.6.3
2025-02-07 14:34:19,526 INFO o.a.j.JMeter: user.dir  =F:\My Personal Projects\Microservice_Springboot\apache-jmeter-5.6.3\bin
2025-02-07 14:34:19,529 INFO o.a.j.JMeter: PWD       =F:\My Personal Projects\Microservice_Springboot\apache-jmeter-5.6.3\bin
2025-02-07 14:34:19,534 INFO o.a.j.JMeter: IP: 192.168.1.140 Name: DESKTOP-F2T8PCJ FullName: DESKTOP-F2T8PCJ
2025-02-07 14:34:19,609 INFO o.a.j.JMeter: Loaded icon properties from org/apache/jmeter/images/icon.properties
2025-02-07 14:34:20,124 INFO o.a.j.JMeterGuiLauncher: Setting LAF to: com.github.weisj.darklaf.DarkLaf:com.github.weisj.darklaf.theme.DarculaTheme
2025-02-07 15:13:30,858 INFO o.a.j.p.h.s.HTTPSamplerBase: Parser for text/html is org.apache.jmeter.protocol.http.parser.LagartoBasedHtmlParser
2025-02-07 15:13:30,909 INFO o.a.j.p.h.s.HTTPSamplerBase: Parser for application/xhtml+xml is org.apache.jmeter.protocol.http.parser.LagartoBasedHtmlParser
2025-02-07 15:13:30,909 INFO o.a.j.p.h.s.HTTPSamplerBase: Parser for application/xml is org.apache.jmeter.protocol.http.parser.LagartoBasedHtmlParser
2025-02-07 15:13:30,910 INFO o.a.j.p.h.s.HTTPSamplerBase: Parser for text/xml is org.apache.jmeter.protocol.http.parser.LagartoBasedHtmlParser
2025-02-07 15:13:30,910 INFO o.a.j.p.h.s.HTTPSamplerBase: Parser for text/vnd.wap.wml is org.apache.jmeter.protocol.http.parser.RegexpHTMLParser
2025-02-07 15:13:30,910 INFO o.a.j.p.h.s.HTTPSamplerBase: Parser for text/css is org.apache.jmeter.protocol.http.parser.CssParser
2025-02-07 15:20:09,438 INFO o.a.j.s.FileServer: Default base='F:\My Personal Projects\Microservice_Springboot\apache-jmeter-5.6.3\bin'
2025-02-07 15:20:09,491 INFO o.a.j.s.FileServer: Set new base='F:\My Personal Projects\Microservice_Springboot\apache-jmeter-5.6.3\bin'
2025-02-07 15:20:09,839 INFO o.a.j.s.SaveService: Testplan (JMX) version: 2.2. Testlog (JTL) version: 2.2
2025-02-07 15:20:09,989 INFO o.a.j.s.SaveService: Using SaveService properties file encoding UTF-8
2025-02-07 15:20:09,990 INFO o.a.j.s.SaveService: Using SaveService properties version 5.0
2025-02-07 15:20:10,050 INFO o.a.j.e.StandardJMeterEngine: Running the test!
2025-02-07 15:20:10,051 INFO o.a.j.s.SampleEvent: List of sample_variables: []
2025-02-07 15:20:10,051 INFO o.a.j.s.SampleEvent: List of sample_variables: []
2025-02-07 15:20:10,052 INFO o.a.j.e.u.CompoundVariable: Note: Function class names must contain the string: '.functions.'
2025-02-07 15:20:10,053 INFO o.a.j.e.u.CompoundVariable: Note: Function class names must not contain the string: '.gui.'
2025-02-07 15:20:10,645 INFO o.a.j.g.u.JMeterMenuBar: setRunning(true, *local*)
2025-02-07 15:20:10,706 INFO o.a.j.e.StandardJMeterEngine: Starting ThreadGroup: 1 : Thread Group
2025-02-07 15:20:10,706 INFO o.a.j.e.StandardJMeterEngine: Starting 15 threads for group Thread Group.
2025-02-07 15:20:10,714 INFO o.a.j.e.StandardJMeterEngine: Thread will continue on error
2025-02-07 15:20:10,714 INFO o.a.j.t.ThreadGroup: Starting thread group... number=1 threads=15 ramp-up=1 delayedStart=false
2025-02-07 15:20:10,723 INFO o.a.j.t.JMeterThread: Thread started: Thread Group 1-1
2025-02-07 15:20:10,734 INFO o.a.j.t.ThreadGroup: Started thread group number 1
2025-02-07 15:20:10,734 INFO o.a.j.e.StandardJMeterEngine: All thread groups have been started
2025-02-07 15:20:10,778 INFO o.a.j.p.h.s.HTTPHCAbstractImpl: Local host = DESKTOP-F2T8PCJ
2025-02-07 15:20:10,789 INFO o.a.j.t.JMeterThread: Thread started: Thread Group 1-2
2025-02-07 15:20:10,793 INFO o.a.j.p.h.s.HTTPHC4Impl: HTTP request retry count = 0
2025-02-07 15:20:10,795 INFO o.a.j.s.SampleResult: Note: Sample TimeStamps are START times
2025-02-07 15:20:10,796 INFO o.a.j.s.SampleResult: sampleresult.default.encoding is set to UTF-8
2025-02-07 15:20:10,796 INFO o.a.j.s.SampleResult: sampleresult.useNanoTime=true
2025-02-07 15:20:10,796 INFO o.a.j.s.SampleResult: sampleresult.nanoThreadSleep=5000
2025-02-07 15:20:10,855 INFO o.a.j.t.JMeterThread: Thread started: Thread Group 1-3
2025-02-07 15:20:10,921 INFO o.a.j.t.JMeterThread: Thread started: Thread Group 1-4
2025-02-07 15:20:11,001 INFO o.a.j.t.JMeterThread: Thread started: Thread Group 1-5
2025-02-07 15:20:11,053 INFO o.a.j.t.JMeterThread: Thread started: Thread Group 1-6
2025-02-07 15:20:11,119 INFO o.a.j.t.JMeterThread: Thread started: Thread Group 1-7
2025-02-07 15:20:11,186 INFO o.a.j.t.JMeterThread: Thread started: Thread Group 1-8
2025-02-07 15:20:11,253 INFO o.a.j.t.JMeterThread: Thread started: Thread Group 1-9
2025-02-07 15:20:11,320 INFO o.a.j.t.JMeterThread: Thread started: Thread Group 1-10
2025-02-07 15:20:11,391 INFO o.a.j.t.JMeterThread: Thread started: Thread Group 1-11
2025-02-07 15:20:11,458 INFO o.a.j.t.JMeterThread: Thread started: Thread Group 1-12
2025-02-07 15:20:11,522 INFO o.a.j.t.JMeterThread: Thread started: Thread Group 1-13
2025-02-07 15:20:11,591 INFO o.a.j.t.JMeterThread: Thread started: Thread Group 1-14
2025-02-07 15:20:11,655 INFO o.a.j.t.JMeterThread: Thread started: Thread Group 1-15
2025-02-07 15:20:13,149 INFO o.a.j.t.JMeterThread: Thread is done: Thread Group 1-6
2025-02-07 15:20:13,149 INFO o.a.j.t.JMeterThread: Thread finished: Thread Group 1-6
2025-02-07 15:20:13,190 INFO o.a.j.t.JMeterThread: Thread is done: Thread Group 1-1
2025-02-07 15:20:13,190 INFO o.a.j.t.JMeterThread: Thread finished: Thread Group 1-1
2025-02-07 15:20:13,307 INFO o.a.j.t.JMeterThread: Thread is done: Thread Group 1-11
2025-02-07 15:20:13,307 INFO o.a.j.t.JMeterThread: Thread is done: Thread Group 1-12
2025-02-07 15:20:13,307 INFO o.a.j.t.JMeterThread: Thread finished: Thread Group 1-11
2025-02-07 15:20:13,307 INFO o.a.j.t.JMeterThread: Thread finished: Thread Group 1-12
2025-02-07 15:20:14,561 INFO o.a.j.t.JMeterThread: Thread is done: Thread Group 1-8
2025-02-07 15:20:14,561 INFO o.a.j.t.JMeterThread: Thread is done: Thread Group 1-13
2025-02-07 15:20:14,561 INFO o.a.j.t.JMeterThread: Thread finished: Thread Group 1-8
2025-02-07 15:20:14,561 INFO o.a.j.t.JMeterThread: Thread finished: Thread Group 1-13
2025-02-07 15:20:14,563 INFO o.a.j.t.JMeterThread: Thread is done: Thread Group 1-3
2025-02-07 15:20:14,563 INFO o.a.j.t.JMeterThread: Thread finished: Thread Group 1-3
2025-02-07 15:20:14,563 INFO o.a.j.t.JMeterThread: Thread is done: Thread Group 1-10
2025-02-07 15:20:14,563 INFO o.a.j.t.JMeterThread: Thread finished: Thread Group 1-10
2025-02-07 15:20:14,566 INFO o.a.j.t.JMeterThread: Thread is done: Thread Group 1-9
2025-02-07 15:20:14,567 INFO o.a.j.t.JMeterThread: Thread finished: Thread Group 1-9
2025-02-07 15:20:14,572 INFO o.a.j.t.JMeterThread: Thread is done: Thread Group 1-5
2025-02-07 15:20:14,572 INFO o.a.j.t.JMeterThread: Thread finished: Thread Group 1-5
2025-02-07 15:20:14,574 INFO o.a.j.t.JMeterThread: Thread is done: Thread Group 1-2
2025-02-07 15:20:14,575 INFO o.a.j.t.JMeterThread: Thread finished: Thread Group 1-2
2025-02-07 15:20:14,579 INFO o.a.j.t.JMeterThread: Thread is done: Thread Group 1-7
2025-02-07 15:20:14,580 INFO o.a.j.t.JMeterThread: Thread finished: Thread Group 1-7
2025-02-07 15:20:14,587 INFO o.a.j.t.JMeterThread: Thread is done: Thread Group 1-4
2025-02-07 15:20:14,587 INFO o.a.j.t.JMeterThread: Thread finished: Thread Group 1-4
2025-02-07 15:20:14,611 INFO o.a.j.t.JMeterThread: Thread is done: Thread Group 1-14
2025-02-07 15:20:14,612 INFO o.a.j.t.JMeterThread: Thread finished: Thread Group 1-14
2025-02-07 15:20:14,677 INFO o.a.j.t.JMeterThread: Thread is done: Thread Group 1-15
2025-02-07 15:20:14,677 INFO o.a.j.t.JMeterThread: Thread finished: Thread Group 1-15
2025-02-07 15:20:14,679 INFO o.a.j.e.StandardJMeterEngine: Notifying test listeners of end of test
2025-02-07 15:20:14,680 INFO o.a.j.g.u.JMeterMenuBar: setRunning(false, *local*)
2025-02-07 15:20:51,660 INFO o.a.j.e.StandardJMeterEngine: Running the test!
2025-02-07 15:20:51,661 INFO o.a.j.s.SampleEvent: List of sample_variables: []
2025-02-07 15:20:51,662 INFO o.a.j.g.u.JMeterMenuBar: setRunning(true, *local*)
2025-02-07 15:20:51,792 INFO o.a.j.e.StandardJMeterEngine: Starting ThreadGroup: 1 : Thread Group
2025-02-07 15:20:51,792 INFO o.a.j.e.StandardJMeterEngine: Starting 15 threads for group Thread Group.
2025-02-07 15:20:51,792 INFO o.a.j.e.StandardJMeterEngine: Thread will continue on error
2025-02-07 15:20:51,792 INFO o.a.j.t.ThreadGroup: Starting thread group... number=1 threads=15 ramp-up=1 delayedStart=false
2025-02-07 15:20:51,793 INFO o.a.j.t.JMeterThread: Thread started: Thread Group 1-1
2025-02-07 15:20:51,800 INFO o.a.j.t.ThreadGroup: Started thread group number 1
2025-02-07 15:20:51,800 INFO o.a.j.e.StandardJMeterEngine: All thread groups have been started
2025-02-07 15:20:51,860 INFO o.a.j.t.JMeterThread: Thread started: Thread Group 1-2
2025-02-07 15:20:51,863 INFO o.a.j.t.JMeterThread: Thread is done: Thread Group 1-1
2025-02-07 15:20:51,863 INFO o.a.j.t.JMeterThread: Thread finished: Thread Group 1-1
2025-02-07 15:20:51,907 INFO o.a.j.t.JMeterThread: Thread is done: Thread Group 1-2
2025-02-07 15:20:51,907 INFO o.a.j.t.JMeterThread: Thread finished: Thread Group 1-2
2025-02-07 15:20:51,927 INFO o.a.j.t.JMeterThread: Thread started: Thread Group 1-3
2025-02-07 15:20:51,995 INFO o.a.j.t.JMeterThread: Thread started: Thread Group 1-4
2025-02-07 15:20:52,068 INFO o.a.j.t.JMeterThread: Thread started: Thread Group 1-5
2025-02-07 15:20:52,133 INFO o.a.j.t.JMeterThread: Thread started: Thread Group 1-6
2025-02-07 15:20:52,202 INFO o.a.j.t.JMeterThread: Thread started: Thread Group 1-7
2025-02-07 15:20:52,269 INFO o.a.j.t.JMeterThread: Thread started: Thread Group 1-8
2025-02-07 15:20:52,334 INFO o.a.j.t.JMeterThread: Thread started: Thread Group 1-9
2025-02-07 15:20:52,402 INFO o.a.j.t.JMeterThread: Thread started: Thread Group 1-10
2025-02-07 15:20:52,469 INFO o.a.j.t.JMeterThread: Thread started: Thread Group 1-11
2025-02-07 15:20:52,534 INFO o.a.j.t.JMeterThread: Thread started: Thread Group 1-12
2025-02-07 15:20:52,602 INFO o.a.j.t.JMeterThread: Thread started: Thread Group 1-13
2025-02-07 15:20:52,668 INFO o.a.j.t.JMeterThread: Thread started: Thread Group 1-14
2025-02-07 15:20:52,735 INFO o.a.j.t.JMeterThread: Thread started: Thread Group 1-15
2025-02-07 15:20:53,297 INFO o.a.j.t.JMeterThread: Thread is done: Thread Group 1-3
2025-02-07 15:20:53,297 INFO o.a.j.t.JMeterThread: Thread finished: Thread Group 1-3
2025-02-07 15:20:53,302 INFO o.a.j.t.JMeterThread: Thread is done: Thread Group 1-4
2025-02-07 15:20:53,303 INFO o.a.j.t.JMeterThread: Thread finished: Thread Group 1-4
2025-02-07 15:20:55,097 INFO o.a.j.t.JMeterThread: Thread is done: Thread Group 1-5
2025-02-07 15:20:55,097 INFO o.a.j.t.JMeterThread: Thread finished: Thread Group 1-5
2025-02-07 15:20:55,159 INFO o.a.j.t.JMeterThread: Thread is done: Thread Group 1-6
2025-02-07 15:20:55,159 INFO o.a.j.t.JMeterThread: Thread finished: Thread Group 1-6
2025-02-07 15:20:55,220 INFO o.a.j.t.JMeterThread: Thread is done: Thread Group 1-7
2025-02-07 15:20:55,220 INFO o.a.j.t.JMeterThread: Thread finished: Thread Group 1-7
2025-02-07 15:20:55,283 INFO o.a.j.t.JMeterThread: Thread is done: Thread Group 1-8
2025-02-07 15:20:55,283 INFO o.a.j.t.JMeterThread: Thread finished: Thread Group 1-8
2025-02-07 15:20:55,360 INFO o.a.j.t.JMeterThread: Thread is done: Thread Group 1-9
2025-02-07 15:20:55,360 INFO o.a.j.t.JMeterThread: Thread finished: Thread Group 1-9
2025-02-07 15:20:55,424 INFO o.a.j.t.JMeterThread: Thread is done: Thread Group 1-10
2025-02-07 15:20:55,424 INFO o.a.j.t.JMeterThread: Thread finished: Thread Group 1-10
2025-02-07 15:20:55,487 INFO o.a.j.t.JMeterThread: Thread is done: Thread Group 1-11
2025-02-07 15:20:55,487 INFO o.a.j.t.JMeterThread: Thread finished: Thread Group 1-11
2025-02-07 15:20:55,549 INFO o.a.j.t.JMeterThread: Thread is done: Thread Group 1-12
2025-02-07 15:20:55,549 INFO o.a.j.t.JMeterThread: Thread finished: Thread Group 1-12
2025-02-07 15:20:55,629 INFO o.a.j.t.JMeterThread: Thread is done: Thread Group 1-13
2025-02-07 15:20:55,629 INFO o.a.j.t.JMeterThread: Thread finished: Thread Group 1-13
2025-02-07 15:20:55,695 INFO o.a.j.t.JMeterThread: Thread is done: Thread Group 1-14
2025-02-07 15:20:55,695 INFO o.a.j.t.JMeterThread: Thread finished: Thread Group 1-14
2025-02-07 15:20:55,753 INFO o.a.j.t.JMeterThread: Thread is done: Thread Group 1-15
2025-02-07 15:20:55,753 INFO o.a.j.t.JMeterThread: Thread finished: Thread Group 1-15
2025-02-07 15:20:55,753 INFO o.a.j.e.StandardJMeterEngine: Notifying test listeners of end of test
2025-02-07 15:20:55,753 INFO o.a.j.g.u.JMeterMenuBar: setRunning(false, *local*)
2025-02-07 15:22:30,838 INFO o.a.j.e.StandardJMeterEngine: Running the test!
2025-02-07 15:22:30,839 INFO o.a.j.s.SampleEvent: List of sample_variables: []
2025-02-07 15:22:30,842 INFO o.a.j.g.u.JMeterMenuBar: setRunning(true, *local*)
2025-02-07 15:22:30,845 INFO o.a.j.e.StandardJMeterEngine: Starting ThreadGroup: 1 : Thread Group
2025-02-07 15:22:30,875 INFO o.a.j.e.StandardJMeterEngine: Starting 15 threads for group Thread Group.
2025-02-07 15:22:30,876 INFO o.a.j.e.StandardJMeterEngine: Thread will continue on error
2025-02-07 15:22:30,876 INFO o.a.j.t.ThreadGroup: Starting thread group... number=1 threads=15 ramp-up=1 delayedStart=false
2025-02-07 15:22:30,878 INFO o.a.j.t.JMeterThread: Thread started: Thread Group 1-1
2025-02-07 15:22:30,881 INFO o.a.j.t.ThreadGroup: Started thread group number 1
2025-02-07 15:22:30,881 INFO o.a.j.e.StandardJMeterEngine: All thread groups have been started
2025-02-07 15:22:30,942 INFO o.a.j.t.JMeterThread: Thread is done: Thread Group 1-1
2025-02-07 15:22:30,942 INFO o.a.j.t.JMeterThread: Thread finished: Thread Group 1-1
2025-02-07 15:22:30,944 INFO o.a.j.t.JMeterThread: Thread started: Thread Group 1-2
2025-02-07 15:22:30,992 INFO o.a.j.t.JMeterThread: Thread is done: Thread Group 1-2
2025-02-07 15:22:30,992 INFO o.a.j.t.JMeterThread: Thread finished: Thread Group 1-2
2025-02-07 15:22:31,015 INFO o.a.j.t.JMeterThread: Thread started: Thread Group 1-3
2025-02-07 15:22:31,081 INFO o.a.j.t.JMeterThread: Thread started: Thread Group 1-4
2025-02-07 15:22:31,148 INFO o.a.j.t.JMeterThread: Thread started: Thread Group 1-5
2025-02-07 15:22:31,215 INFO o.a.j.t.JMeterThread: Thread started: Thread Group 1-6
2025-02-07 15:22:31,282 INFO o.a.j.t.JMeterThread: Thread started: Thread Group 1-7
2025-02-07 15:22:31,349 INFO o.a.j.t.JMeterThread: Thread started: Thread Group 1-8
2025-02-07 15:22:31,416 INFO o.a.j.t.JMeterThread: Thread started: Thread Group 1-9
2025-02-07 15:22:31,483 INFO o.a.j.t.JMeterThread: Thread started: Thread Group 1-10
2025-02-07 15:22:31,550 INFO o.a.j.t.JMeterThread: Thread started: Thread Group 1-11
2025-02-07 15:22:31,618 INFO o.a.j.t.JMeterThread: Thread started: Thread Group 1-12
2025-02-07 15:22:31,685 INFO o.a.j.t.JMeterThread: Thread started: Thread Group 1-13
2025-02-07 15:22:31,752 INFO o.a.j.t.JMeterThread: Thread started: Thread Group 1-14
2025-02-07 15:22:31,817 INFO o.a.j.t.JMeterThread: Thread started: Thread Group 1-15
2025-02-07 15:22:33,303 INFO o.a.j.t.JMeterThread: Thread is done: Thread Group 1-4
2025-02-07 15:22:33,304 INFO o.a.j.t.JMeterThread: Thread finished: Thread Group 1-4
2025-02-07 15:22:33,315 INFO o.a.j.t.JMeterThread: Thread is done: Thread Group 1-3
2025-02-07 15:22:33,315 INFO o.a.j.t.JMeterThread: Thread finished: Thread Group 1-3
2025-02-07 15:22:34,167 INFO o.a.j.t.JMeterThread: Thread is done: Thread Group 1-5
2025-02-07 15:22:34,167 INFO o.a.j.t.JMeterThread: Thread finished: Thread Group 1-5
2025-02-07 15:22:34,230 INFO o.a.j.t.JMeterThread: Thread is done: Thread Group 1-6
2025-02-07 15:22:34,230 INFO o.a.j.t.JMeterThread: Thread finished: Thread Group 1-6
2025-02-07 15:22:34,291 INFO o.a.j.t.JMeterThread: Thread is done: Thread Group 1-7
2025-02-07 15:22:34,292 INFO o.a.j.t.JMeterThread: Thread finished: Thread Group 1-7
2025-02-07 15:22:34,375 INFO o.a.j.t.JMeterThread: Thread is done: Thread Group 1-8
2025-02-07 15:22:34,376 INFO o.a.j.t.JMeterThread: Thread finished: Thread Group 1-8
2025-02-07 15:22:34,436 INFO o.a.j.t.JMeterThread: Thread is done: Thread Group 1-9
2025-02-07 15:22:34,436 INFO o.a.j.t.JMeterThread: Thread finished: Thread Group 1-9
2025-02-07 15:22:34,498 INFO o.a.j.t.JMeterThread: Thread is done: Thread Group 1-10
2025-02-07 15:22:34,498 INFO o.a.j.t.JMeterThread: Thread finished: Thread Group 1-10
2025-02-07 15:22:34,562 INFO o.a.j.t.JMeterThread: Thread is done: Thread Group 1-11
2025-02-07 15:22:34,562 INFO o.a.j.t.JMeterThread: Thread finished: Thread Group 1-11
2025-02-07 15:22:34,639 INFO o.a.j.t.JMeterThread: Thread is done: Thread Group 1-12
2025-02-07 15:22:34,639 INFO o.a.j.t.JMeterThread: Thread finished: Thread Group 1-12
2025-02-07 15:22:34,701 INFO o.a.j.t.JMeterThread: Thread is done: Thread Group 1-13
2025-02-07 15:22:34,701 INFO o.a.j.t.JMeterThread: Thread finished: Thread Group 1-13
2025-02-07 15:22:34,764 INFO o.a.j.t.JMeterThread: Thread is done: Thread Group 1-14
2025-02-07 15:22:34,764 INFO o.a.j.t.JMeterThread: Thread finished: Thread Group 1-14
2025-02-07 15:22:34,840 INFO o.a.j.t.JMeterThread: Thread is done: Thread Group 1-15
2025-02-07 15:22:34,840 INFO o.a.j.t.JMeterThread: Thread finished: Thread Group 1-15
2025-02-07 15:22:34,840 INFO o.a.j.e.StandardJMeterEngine: Notifying test listeners of end of test
2025-02-07 15:22:34,841 INFO o.a.j.g.u.JMeterMenuBar: setRunning(false, *local*)
2025-02-07 15:23:03,101 INFO o.a.j.e.StandardJMeterEngine: Running the test!
2025-02-07 15:23:03,102 INFO o.a.j.s.SampleEvent: List of sample_variables: []
2025-02-07 15:23:03,102 INFO o.a.j.g.u.JMeterMenuBar: setRunning(true, *local*)
2025-02-07 15:23:03,145 INFO o.a.j.e.StandardJMeterEngine: Starting ThreadGroup: 1 : Thread Group
2025-02-07 15:23:03,145 INFO o.a.j.e.StandardJMeterEngine: Starting 15 threads for group Thread Group.
2025-02-07 15:23:03,145 INFO o.a.j.e.StandardJMeterEngine: Thread will continue on error
2025-02-07 15:23:03,145 INFO o.a.j.t.ThreadGroup: Starting thread group... number=1 threads=15 ramp-up=1 delayedStart=false
2025-02-07 15:23:03,147 INFO o.a.j.t.JMeterThread: Thread started: Thread Group 1-1
2025-02-07 15:23:03,153 INFO o.a.j.t.ThreadGroup: Started thread group number 1
2025-02-07 15:23:03,153 INFO o.a.j.e.StandardJMeterEngine: All thread groups have been started
2025-02-07 15:23:03,203 INFO o.a.j.t.JMeterThread: Thread is done: Thread Group 1-1
2025-02-07 15:23:03,203 INFO o.a.j.t.JMeterThread: Thread finished: Thread Group 1-1
2025-02-07 15:23:03,216 INFO o.a.j.t.JMeterThread: Thread started: Thread Group 1-2
2025-02-07 15:23:03,261 INFO o.a.j.t.JMeterThread: Thread is done: Thread Group 1-2
2025-02-07 15:23:03,261 INFO o.a.j.t.JMeterThread: Thread finished: Thread Group 1-2
2025-02-07 15:23:03,283 INFO o.a.j.t.JMeterThread: Thread started: Thread Group 1-3
2025-02-07 15:23:03,350 INFO o.a.j.t.JMeterThread: Thread started: Thread Group 1-4
2025-02-07 15:23:03,416 INFO o.a.j.t.JMeterThread: Thread started: Thread Group 1-5
2025-02-07 15:23:03,488 INFO o.a.j.t.JMeterThread: Thread started: Thread Group 1-6
2025-02-07 15:23:03,554 INFO o.a.j.t.JMeterThread: Thread started: Thread Group 1-7
2025-02-07 15:23:03,620 INFO o.a.j.t.JMeterThread: Thread started: Thread Group 1-8
2025-02-07 15:23:03,687 INFO o.a.j.t.JMeterThread: Thread started: Thread Group 1-9
2025-02-07 15:23:03,754 INFO o.a.j.t.JMeterThread: Thread started: Thread Group 1-10
2025-02-07 15:23:03,820 INFO o.a.j.t.JMeterThread: Thread started: Thread Group 1-11
2025-02-07 15:23:03,887 INFO o.a.j.t.JMeterThread: Thread started: Thread Group 1-12
2025-02-07 15:23:03,953 INFO o.a.j.t.JMeterThread: Thread started: Thread Group 1-13
2025-02-07 15:23:04,020 INFO o.a.j.t.JMeterThread: Thread started: Thread Group 1-14
2025-02-07 15:23:04,087 INFO o.a.j.t.JMeterThread: Thread started: Thread Group 1-15
2025-02-07 15:23:05,293 INFO o.a.j.t.JMeterThread: Thread is done: Thread Group 1-4
2025-02-07 15:23:05,293 INFO o.a.j.t.JMeterThread: Thread is done: Thread Group 1-3
2025-02-07 15:23:05,293 INFO o.a.j.t.JMeterThread: Thread finished: Thread Group 1-4
2025-02-07 15:23:05,293 INFO o.a.j.t.JMeterThread: Thread finished: Thread Group 1-3
2025-02-07 15:23:06,433 INFO o.a.j.t.JMeterThread: Thread is done: Thread Group 1-5
2025-02-07 15:23:06,434 INFO o.a.j.t.JMeterThread: Thread finished: Thread Group 1-5
2025-02-07 15:23:06,509 INFO o.a.j.t.JMeterThread: Thread is done: Thread Group 1-6
2025-02-07 15:23:06,509 INFO o.a.j.t.JMeterThread: Thread finished: Thread Group 1-6
2025-02-07 15:23:06,571 INFO o.a.j.t.JMeterThread: Thread is done: Thread Group 1-7
2025-02-07 15:23:06,571 INFO o.a.j.t.JMeterThread: Thread finished: Thread Group 1-7
2025-02-07 15:23:06,635 INFO o.a.j.t.JMeterThread: Thread is done: Thread Group 1-8
2025-02-07 15:23:06,635 INFO o.a.j.t.JMeterThread: Thread finished: Thread Group 1-8
2025-02-07 15:23:06,711 INFO o.a.j.t.JMeterThread: Thread is done: Thread Group 1-9
2025-02-07 15:23:06,711 INFO o.a.j.t.JMeterThread: Thread finished: Thread Group 1-9
2025-02-07 15:23:06,774 INFO o.a.j.t.JMeterThread: Thread is done: Thread Group 1-10
2025-02-07 15:23:06,774 INFO o.a.j.t.JMeterThread: Thread finished: Thread Group 1-10
2025-02-07 15:23:06,838 INFO o.a.j.t.JMeterThread: Thread is done: Thread Group 1-11
2025-02-07 15:23:06,838 INFO o.a.j.t.JMeterThread: Thread finished: Thread Group 1-11
2025-02-07 15:23:06,899 INFO o.a.j.t.JMeterThread: Thread is done: Thread Group 1-12
2025-02-07 15:23:06,900 INFO o.a.j.t.JMeterThread: Thread finished: Thread Group 1-12
2025-02-07 15:23:06,986 INFO o.a.j.t.JMeterThread: Thread is done: Thread Group 1-13
2025-02-07 15:23:06,986 INFO o.a.j.t.JMeterThread: Thread finished: Thread Group 1-13
2025-02-07 15:23:07,039 INFO o.a.j.t.JMeterThread: Thread is done: Thread Group 1-14
2025-02-07 15:23:07,039 INFO o.a.j.t.JMeterThread: Thread finished: Thread Group 1-14
2025-02-07 15:23:07,101 INFO o.a.j.t.JMeterThread: Thread is done: Thread Group 1-15
2025-02-07 15:23:07,101 INFO o.a.j.t.JMeterThread: Thread finished: Thread Group 1-15
2025-02-07 15:23:07,102 INFO o.a.j.e.StandardJMeterEngine: Notifying test listeners of end of test
2025-02-07 15:23:07,103 INFO o.a.j.g.u.JMeterMenuBar: setRunning(false, *local*)
